<?xml version="1.0" encoding="UTF-8"?>
<!-- Generated by org.testng.reporters.JUnitReportReporter -->
<testsuite hostname="DESKTOP-O507CMC" failures="0" tests="3" name="com.org.projects.CucumberMobile.Runner.TestNGTestRunner" time="93.768" errors="0" timestamp="2024-01-31T17:42:50 IST" skipped="0">
  <testcase classname="com.org.projects.CucumberMobile.Runner.TestNGTestRunner" name="runScenario" time="41.488"/>
  <testcase classname="com.org.projects.CucumberMobile.Runner.TestNGTestRunner" name="runScenario" time="27.886"/>
  <testcase classname="com.org.projects.CucumberMobile.Runner.TestNGTestRunner" name="runScenario" time="24.394"/>
</testsuite> <!-- com.org.projects.CucumberMobile.Runner.TestNGTestRunner -->
