<?xml version="1.0" encoding="UTF-8"?>
<!-- Generated by org.testng.reporters.JUnitReportReporter -->
<testsuite hostname="DESKTOP-O507CMC" failures="0" tests="1" name="com.org.projects.CucumberMobile.Runner.TestNGTestRunner" time="21.327" errors="0" timestamp="2024-02-02T20:28:27 IST" skipped="0">
  <testcase classname="com.org.projects.CucumberMobile.Runner.TestNGTestRunner" name="runScenario" time="21.327"/>
</testsuite> <!-- com.org.projects.CucumberMobile.Runner.TestNGTestRunner -->
