<?xml version="1.0" encoding="UTF-8"?>
<!-- Generated by org.testng.reporters.JUnitReportReporter -->
<testsuite hostname="DESKTOP-O507CMC" failures="0" tests="3" name="com.org.projects.CucumberMobile.Runner.TestNGTestRunner" time="80.342" errors="0" timestamp="2024-01-31T18:05:52 IST" skipped="0">
  <testcase classname="com.org.projects.CucumberMobile.Runner.TestNGTestRunner" name="runScenario" time="30.988"/>
  <testcase classname="com.org.projects.CucumberMobile.Runner.TestNGTestRunner" name="runScenario" time="22.667"/>
  <testcase classname="com.org.projects.CucumberMobile.Runner.TestNGTestRunner" name="runScenario" time="26.687"/>
</testsuite> <!-- com.org.projects.CucumberMobile.Runner.TestNGTestRunner -->
