<?xml version="1.0" encoding="UTF-8"?>
<!-- Generated by org.testng.reporters.JUnitReportReporter -->
<testsuite hostname="DESKTOP-O507CMC" failures="0" tests="3" name="com.org.projects.CucumberMobile.Runner.TestNGTestRunner" time="76.518" errors="0" timestamp="2024-01-31T12:12:44 IST" skipped="0">
  <testcase classname="com.org.projects.CucumberMobile.Runner.TestNGTestRunner" name="runScenario" time="32.138"/>
  <testcase classname="com.org.projects.CucumberMobile.Runner.TestNGTestRunner" name="runScenario" time="23.659"/>
  <testcase classname="com.org.projects.CucumberMobile.Runner.TestNGTestRunner" name="runScenario" time="20.721"/>
</testsuite> <!-- com.org.projects.CucumberMobile.Runner.TestNGTestRunner -->
