<?xml version="1.0" encoding="UTF-8"?>
<!-- Generated by org.testng.reporters.JUnitReportReporter -->
<testsuite hostname="DESKTOP-O507CMC" failures="0" tests="3" name="com.org.projects.CucumberMobile.Runner.TestNGTestRunner" time="75.591" errors="0" timestamp="2024-01-31T13:43:06 IST" skipped="0">
  <testcase classname="com.org.projects.CucumberMobile.Runner.TestNGTestRunner" name="runScenario" time="27.655"/>
  <testcase classname="com.org.projects.CucumberMobile.Runner.TestNGTestRunner" name="runScenario" time="26.667"/>
  <testcase classname="com.org.projects.CucumberMobile.Runner.TestNGTestRunner" name="runScenario" time="21.269"/>
</testsuite> <!-- com.org.projects.CucumberMobile.Runner.TestNGTestRunner -->
